Using pre-set license
Built from '2021.1/release' branch; Version is '2021.1.16f1 (5fa502fca597) revision 6268162'; Using compiler version '192528614'; Build Type 'Release'
OS: 'Windows 10 Education; OS build 18362.719; Version 1903; 64bit' Language: 'de' Physical Memory: 16343 MB
BatchMode: 1, IsHumanControllingUs: 0, StartBugReporterOnCrash: 0, Is64bit: 1, IsPro: 0

 COMMAND LINE ARGUMENTS:
C:\Program Files\Unity\Hub\Editor\2021.1.16f1\Editor\Unity.exe
-adb2
-batchMode
-noUpm
-name
AssetImportWorker0
-projectPath
C:/Users/tom.behernd/UNITY/Android Volleyball Fantasy
-logFile
Logs/AssetImportWorker0.log
-srvPort
60542
Successfully changed project path to: C:/Users/tom.behernd/UNITY/Android Volleyball Fantasy
C:/Users/tom.behernd/UNITY/Android Volleyball Fantasy
Using Asset Import Pipeline V2.
Refreshing native plugins compatible for Editor in 116.22 ms, found 4 plugins.
Preloading 0 native plugins for Editor in 0.00 ms.
Initialize engine version: 2021.1.16f1 (5fa502fca597)
[Subsystems] Discovering subsystems at path C:/Program Files/Unity/Hub/Editor/2021.1.16f1/Editor/Data/Resources/UnitySubsystems
[Subsystems] Discovering subsystems at path C:/Users/tom.behernd/UNITY/Android Volleyball Fantasy/Assets
GfxDevice: creating device client; threaded=0; jobified=0
Direct3D:
    Version:  Direct3D 11.0 [level 11.1]
    Renderer: NVIDIA GeForce GTX 1060 6GB (ID=0x1c03)
    Vendor:   NVIDIA
    VRAM:     6052 MB
    Driver:   27.21.14.5751
Initialize mono
Mono path[0] = 'C:/Program Files/Unity/Hub/Editor/2021.1.16f1/Editor/Data/Managed'
Mono path[1] = 'C:/Program Files/Unity/Hub/Editor/2021.1.16f1/Editor/Data/MonoBleedingEdge/lib/mono/unityjit'
Mono config path = 'C:/Program Files/Unity/Hub/Editor/2021.1.16f1/Editor/Data/MonoBleedingEdge/etc'
Using monoOptions --debugger-agent=transport=dt_socket,embedding=1,server=y,suspend=n,address=127.0.0.1:56608
Begin MonoManager ReloadAssembly
Registering precompiled unity dll's ...
Register platform support module: C:/Program Files/Unity/Hub/Editor/2021.1.16f1/Editor/Data/PlaybackEngines/WindowsStandaloneSupport/UnityEditor.WindowsStandalone.Extensions.dll
Registered in 0.002991 seconds.
Native extension for WindowsStandalone target not found
Refreshing native plugins compatible for Editor in 108.32 ms, found 4 plugins.
Preloading 0 native plugins for Editor in 0.00 ms.
Mono: successfully reloaded assembly
- Completed reload, in  1.265 seconds
Domain Reload Profiling:
	ReloadAssembly (1266ms)
		BeginReloadAssembly (81ms)
			ExecutionOrderSort (0ms)
			DisableScriptedObjects (0ms)
			BackupInstance (0ms)
			ReleaseScriptingObjects (0ms)
			CreateAndSetChildDomain (1ms)
		EndReloadAssembly (508ms)
			LoadAssemblies (79ms)
			RebuildTransferFunctionScriptingTraits (0ms)
			SetupTypeCache (173ms)
			ReleaseScriptCaches (0ms)
			RebuildScriptCaches (33ms)
			SetupLoadedEditorAssemblies (254ms)
				LogAssemblyErrors (0ms)
				InitializePlatformSupportModulesInManaged (7ms)
				SetLoadedEditorAssemblies (0ms)
				RefreshPlugins (108ms)
				BeforeProcessingInitializeOnLoad (1ms)
				ProcessInitializeOnLoadAttributes (104ms)
				ProcessInitializeOnLoadMethodAttributes (32ms)
				AfterProcessingInitializeOnLoad (0ms)
				EditorAssembliesLoaded (0ms)
			ExecutionOrderSort2 (0ms)
			AwakeInstancesAfterBackupRestoration (0ms)
Platform modules already initialized, skipping
Registering precompiled user dll's ...
Registered in 0.014118 seconds.
Begin MonoManager ReloadAssembly
Symbol file LoadedFromMemory doesn't match image C:\Users\tom.behernd\UNITY\Android Volleyball Fantasy\Library\PackageCache\com.unity.visualscripting@1.6.1\Editor\VisualScripting.Core\Dependencies\YamlDotNet\Unity.VisualScripting.YamlDotNet.dll
Symbol file LoadedFromMemory doesn't match image C:\Users\tom.behernd\UNITY\Android Volleyball Fantasy\Library\PackageCache\com.unity.visualscripting@1.6.1\Editor\VisualScripting.Core\Dependencies\DotNetZip\Unity.VisualScripting.IonicZip.dll
Native extension for WindowsStandalone target not found
Refreshing native plugins compatible for Editor in 114.19 ms, found 4 plugins.
Preloading 0 native plugins for Editor in 0.00 ms.
Mono: successfully reloaded assembly
- Completed reload, in  1.551 seconds
Domain Reload Profiling:
	ReloadAssembly (1552ms)
		BeginReloadAssembly (186ms)
			ExecutionOrderSort (0ms)
			DisableScriptedObjects (5ms)
			BackupInstance (0ms)
			ReleaseScriptingObjects (0ms)
			CreateAndSetChildDomain (22ms)
		EndReloadAssembly (1300ms)
			LoadAssemblies (141ms)
			RebuildTransferFunctionScriptingTraits (0ms)
			SetupTypeCache (410ms)
			ReleaseScriptCaches (1ms)
			RebuildScriptCaches (65ms)
			SetupLoadedEditorAssemblies (595ms)
				LogAssemblyErrors (0ms)
				InitializePlatformSupportModulesInManaged (4ms)
				SetLoadedEditorAssemblies (0ms)
				RefreshPlugins (114ms)
				BeforeProcessingInitializeOnLoad (95ms)
				ProcessInitializeOnLoadAttributes (356ms)
				ProcessInitializeOnLoadMethodAttributes (18ms)
				AfterProcessingInitializeOnLoad (8ms)
				EditorAssembliesLoaded (0ms)
			ExecutionOrderSort2 (0ms)
			AwakeInstancesAfterBackupRestoration (7ms)
Platform modules already initialized, skipping
========================================================================
Worker process is ready to serve import requests
Launched and connected shader compiler UnityShaderCompiler.exe after 0.06 seconds
Refreshing native plugins compatible for Editor in 0.74 ms, found 4 plugins.
Preloading 0 native plugins for Editor in 0.00 ms.
Unloading 3888 Unused Serialized files (Serialized files now loaded: 0)
System memory in use before: 145.6 MB.
System memory in use after: 145.7 MB.

Unloading 38 unused Assets to reduce memory usage. Loaded Objects now: 4333.
Total: 4.361800 ms (FindLiveObjects: 0.287900 ms CreateObjectMapping: 0.144100 ms MarkObjects: 3.757100 ms  DeleteObjects: 0.171800 ms)

AssetImportParameters requested are different than current active one (requested -> active):
  custom:framework-win-MediaFoundation: 216162199b28c13a410421893ffa2e32 -> 
  custom:video-decoder-ogg-theora: a1e56fd34408186e4bbccfd4996cb3dc -> 
  custom:container-muxer-webm: aa71ff27fc2769a1b78a27578f13a17b -> 
  custom:container-demuxer-webm: 4f35f7cbe854078d1ac9338744f61a02 -> 
  custom:container-demuxer-ogg: 62fdf1f143b41e24485cea50d1cbac27 -> 
  custom:video-encoder-webm-vp8: eb34c28f22e8b96e1ab97ce403110664 -> 
  custom:video-decoder-webm-vp8: 9c59270c3fd7afecdb556c50c9e8de78 -> 
  custom:audio-decoder-ogg-vorbis: bf7c407c2cedff20999df2af8eb42d56 -> 
  custom:audio-encoder-webm-vorbis: bf7c407c2cedff20999df2af8eb42d56 -> 
========================================================================
Received Import Request.
  path: Assets/Scenes/test intro.unity
  artifactKey: Guid(c5861a5e4dcf6fe45ad0748a082a4ce8) Importer(815301076,1909f56bfc062723c751e8b465ee728b)
Start importing Assets/Scenes/test intro.unity using Guid(c5861a5e4dcf6fe45ad0748a082a4ce8) Importer(815301076,1909f56bfc062723c751e8b465ee728b)  -> (artifact id: '3e3dbb5bf4297279f786439e183badba') in 0.016547 seconds 
========================================================================
Received Prepare
Refreshing native plugins compatible for Editor in 8.28 ms, found 4 plugins.
Preloading 0 native plugins for Editor in 0.00 ms.
Unloading 24 Unused Serialized files (Serialized files now loaded: 0)
System memory in use before: 67.8 MB.
System memory in use after: 67.9 MB.

Unloading 24 unused Assets to reduce memory usage. Loaded Objects now: 4333.
Total: 4.023700 ms (FindLiveObjects: 0.291600 ms CreateObjectMapping: 0.244700 ms MarkObjects: 3.380100 ms  DeleteObjects: 0.106200 ms)

AssetImportParameters requested are different than current active one (requested -> active):
  custom:framework-win-MediaFoundation: 216162199b28c13a410421893ffa2e32 -> 
  custom:video-decoder-ogg-theora: a1e56fd34408186e4bbccfd4996cb3dc -> 
  custom:container-muxer-webm: aa71ff27fc2769a1b78a27578f13a17b -> 
  custom:container-demuxer-webm: 4f35f7cbe854078d1ac9338744f61a02 -> 
  custom:container-demuxer-ogg: 62fdf1f143b41e24485cea50d1cbac27 -> 
  custom:video-encoder-webm-vp8: eb34c28f22e8b96e1ab97ce403110664 -> 
  custom:video-decoder-webm-vp8: 9c59270c3fd7afecdb556c50c9e8de78 -> 
  custom:audio-decoder-ogg-vorbis: bf7c407c2cedff20999df2af8eb42d56 -> 
  custom:audio-encoder-webm-vorbis: bf7c407c2cedff20999df2af8eb42d56 -> 
========================================================================
Received Import Request.
  Time since last request: 1241.655716 seconds.
  path: Assets/Scenes/test intro.unity
  artifactKey: Guid(c5861a5e4dcf6fe45ad0748a082a4ce8) Importer(815301076,1909f56bfc062723c751e8b465ee728b)
Start importing Assets/Scenes/test intro.unity using Guid(c5861a5e4dcf6fe45ad0748a082a4ce8) Importer(815301076,1909f56bfc062723c751e8b465ee728b)  -> (artifact id: 'f0370651ef022afb3eadf9c91bc6f997') in 0.007648 seconds 
========================================================================
Received Import Request.
  Time since last request: 349.947331 seconds.
  path: Assets/Assets/story_trailer_1.png
  artifactKey: Guid(b1c2d5da03a94e24ead2291a057d7bcf) Importer(815301076,1909f56bfc062723c751e8b465ee728b)
Start importing Assets/Assets/story_trailer_1.png using Guid(b1c2d5da03a94e24ead2291a057d7bcf) Importer(815301076,1909f56bfc062723c751e8b465ee728b)  -> (artifact id: '7c78a21c700c53a57a3f64b6a7ca1f54') in 0.114317 seconds 
========================================================================
Received Import Request.
  Time since last request: 7.847201 seconds.
  path: Assets/Assets/story_trailer_1.png
  artifactKey: Guid(b1c2d5da03a94e24ead2291a057d7bcf) Importer(815301076,1909f56bfc062723c751e8b465ee728b)
Start importing Assets/Assets/story_trailer_1.png using Guid(b1c2d5da03a94e24ead2291a057d7bcf) Importer(815301076,1909f56bfc062723c751e8b465ee728b)  -> (artifact id: '8fa02f41ffc184c9264bc226e5f7c8f2') in 0.038393 seconds 
========================================================================
Received Prepare
Refreshing native plugins compatible for Editor in 7.29 ms, found 4 plugins.
Preloading 0 native plugins for Editor in 0.00 ms.
Unloading 24 Unused Serialized files (Serialized files now loaded: 0)
System memory in use before: 72.1 MB.
System memory in use after: 72.3 MB.

Unloading 24 unused Assets to reduce memory usage. Loaded Objects now: 4341.
Total: 5.830900 ms (FindLiveObjects: 0.340200 ms CreateObjectMapping: 0.189900 ms MarkObjects: 5.169600 ms  DeleteObjects: 0.129900 ms)

AssetImportParameters requested are different than current active one (requested -> active):
  custom:framework-win-MediaFoundation: 216162199b28c13a410421893ffa2e32 -> 
  custom:video-decoder-ogg-theora: a1e56fd34408186e4bbccfd4996cb3dc -> 
  custom:container-muxer-webm: aa71ff27fc2769a1b78a27578f13a17b -> 
  custom:container-demuxer-webm: 4f35f7cbe854078d1ac9338744f61a02 -> 
  custom:container-demuxer-ogg: 62fdf1f143b41e24485cea50d1cbac27 -> 
  custom:video-encoder-webm-vp8: eb34c28f22e8b96e1ab97ce403110664 -> 
  custom:video-decoder-webm-vp8: 9c59270c3fd7afecdb556c50c9e8de78 -> 
  custom:audio-decoder-ogg-vorbis: bf7c407c2cedff20999df2af8eb42d56 -> 
  custom:audio-encoder-webm-vorbis: bf7c407c2cedff20999df2af8eb42d56 -> 
========================================================================
Received Import Request.
  Time since last request: 2571.274501 seconds.
  path: Assets/Scenes/Level01.unity
  artifactKey: Guid(2cda990e2423bbf4892e6590ba056729) Importer(815301076,1909f56bfc062723c751e8b465ee728b)
Start importing Assets/Scenes/Level01.unity using Guid(2cda990e2423bbf4892e6590ba056729) Importer(815301076,1909f56bfc062723c751e8b465ee728b)  -> (artifact id: 'c62a170d9da2a35d8f3fc137d60bc463') in 0.012544 seconds 
========================================================================
Received Prepare
Registering precompiled user dll's ...
Registered in 0.012355 seconds.
Begin MonoManager ReloadAssembly
Symbol file LoadedFromMemory doesn't match image C:\Users\tom.behernd\UNITY\Android Volleyball Fantasy\Library\PackageCache\com.unity.visualscripting@1.6.1\Editor\VisualScripting.Core\Dependencies\YamlDotNet\Unity.VisualScripting.YamlDotNet.dll
Symbol file LoadedFromMemory doesn't match image C:\Users\tom.behernd\UNITY\Android Volleyball Fantasy\Library\PackageCache\com.unity.visualscripting@1.6.1\Editor\VisualScripting.Core\Dependencies\DotNetZip\Unity.VisualScripting.IonicZip.dll
Native extension for WindowsStandalone target not found
Refreshing native plugins compatible for Editor in 0.89 ms, found 4 plugins.
Preloading 0 native plugins for Editor in 0.00 ms.
Mono: successfully reloaded assembly
- Completed reload, in  1.418 seconds
Domain Reload Profiling:
	ReloadAssembly (1418ms)
		BeginReloadAssembly (192ms)
			ExecutionOrderSort (0ms)
			DisableScriptedObjects (7ms)
			BackupInstance (0ms)
			ReleaseScriptingObjects (0ms)
			CreateAndSetChildDomain (83ms)
		EndReloadAssembly (1162ms)
			LoadAssemblies (135ms)
			RebuildTransferFunctionScriptingTraits (0ms)
			SetupTypeCache (412ms)
			ReleaseScriptCaches (1ms)
			RebuildScriptCaches (53ms)
			SetupLoadedEditorAssemblies (442ms)
				LogAssemblyErrors (0ms)
				InitializePlatformSupportModulesInManaged (5ms)
				SetLoadedEditorAssemblies (0ms)
				RefreshPlugins (1ms)
				BeforeProcessingInitializeOnLoad (69ms)
				ProcessInitializeOnLoadAttributes (350ms)
				ProcessInitializeOnLoadMethodAttributes (9ms)
				AfterProcessingInitializeOnLoad (8ms)
				EditorAssembliesLoaded (0ms)
			ExecutionOrderSort2 (0ms)
			AwakeInstancesAfterBackupRestoration (15ms)
Platform modules already initialized, skipping
Refreshing native plugins compatible for Editor in 0.79 ms, found 4 plugins.
Preloading 0 native plugins for Editor in 0.00 ms.
Unloading 3869 Unused Serialized files (Serialized files now loaded: 0)
System memory in use before: 155.2 MB.
System memory in use after: 155.3 MB.

Unloading 26 unused Assets to reduce memory usage. Loaded Objects now: 4372.
Total: 4.278700 ms (FindLiveObjects: 0.350700 ms CreateObjectMapping: 0.251000 ms MarkObjects: 3.495800 ms  DeleteObjects: 0.180000 ms)

AssetImportParameters requested are different than current active one (requested -> active):
  custom:framework-win-MediaFoundation: 216162199b28c13a410421893ffa2e32 -> 
  custom:video-decoder-ogg-theora: a1e56fd34408186e4bbccfd4996cb3dc -> 
  custom:container-muxer-webm: aa71ff27fc2769a1b78a27578f13a17b -> 
  custom:container-demuxer-webm: 4f35f7cbe854078d1ac9338744f61a02 -> 
  custom:container-demuxer-ogg: 62fdf1f143b41e24485cea50d1cbac27 -> 
  custom:video-encoder-webm-vp8: eb34c28f22e8b96e1ab97ce403110664 -> 
  custom:video-decoder-webm-vp8: 9c59270c3fd7afecdb556c50c9e8de78 -> 
  custom:audio-decoder-ogg-vorbis: bf7c407c2cedff20999df2af8eb42d56 -> 
  custom:audio-encoder-webm-vorbis: bf7c407c2cedff20999df2af8eb42d56 -> 
========================================================================
Received Prepare
Registering precompiled user dll's ...
Registered in 0.012372 seconds.
Begin MonoManager ReloadAssembly
Symbol file LoadedFromMemory doesn't match image C:\Users\tom.behernd\UNITY\Android Volleyball Fantasy\Library\PackageCache\com.unity.visualscripting@1.6.1\Editor\VisualScripting.Core\Dependencies\YamlDotNet\Unity.VisualScripting.YamlDotNet.dll
Symbol file LoadedFromMemory doesn't match image C:\Users\tom.behernd\UNITY\Android Volleyball Fantasy\Library\PackageCache\com.unity.visualscripting@1.6.1\Editor\VisualScripting.Core\Dependencies\DotNetZip\Unity.VisualScripting.IonicZip.dll
Native extension for WindowsStandalone target not found
Refreshing native plugins compatible for Editor in 0.91 ms, found 4 plugins.
Preloading 0 native plugins for Editor in 0.00 ms.
Mono: successfully reloaded assembly
- Completed reload, in  1.275 seconds
Domain Reload Profiling:
	ReloadAssembly (1276ms)
		BeginReloadAssembly (142ms)
			ExecutionOrderSort (0ms)
			DisableScriptedObjects (8ms)
			BackupInstance (0ms)
			ReleaseScriptingObjects (0ms)
			CreateAndSetChildDomain (46ms)
		EndReloadAssembly (1057ms)
			LoadAssemblies (126ms)
			RebuildTransferFunctionScriptingTraits (0ms)
			SetupTypeCache (370ms)
			ReleaseScriptCaches (1ms)
			RebuildScriptCaches (53ms)
			SetupLoadedEditorAssemblies (415ms)
				LogAssemblyErrors (0ms)
				InitializePlatformSupportModulesInManaged (5ms)
				SetLoadedEditorAssemblies (0ms)
				RefreshPlugins (1ms)
				BeforeProcessingInitializeOnLoad (68ms)
				ProcessInitializeOnLoadAttributes (325ms)
				ProcessInitializeOnLoadMethodAttributes (9ms)
				AfterProcessingInitializeOnLoad (7ms)
				EditorAssembliesLoaded (0ms)
			ExecutionOrderSort2 (0ms)
			AwakeInstancesAfterBackupRestoration (14ms)
Platform modules already initialized, skipping
Refreshing native plugins compatible for Editor in 0.75 ms, found 4 plugins.
Preloading 0 native plugins for Editor in 0.00 ms.
Unloading 3868 Unused Serialized files (Serialized files now loaded: 0)
System memory in use before: 155.2 MB.
System memory in use after: 155.3 MB.

Unloading 26 unused Assets to reduce memory usage. Loaded Objects now: 4376.
Total: 3.842600 ms (FindLiveObjects: 0.286400 ms CreateObjectMapping: 0.176400 ms MarkObjects: 3.251900 ms  DeleteObjects: 0.126900 ms)

AssetImportParameters requested are different than current active one (requested -> active):
  custom:framework-win-MediaFoundation: 216162199b28c13a410421893ffa2e32 -> 
  custom:video-decoder-ogg-theora: a1e56fd34408186e4bbccfd4996cb3dc -> 
  custom:container-muxer-webm: aa71ff27fc2769a1b78a27578f13a17b -> 
  custom:container-demuxer-webm: 4f35f7cbe854078d1ac9338744f61a02 -> 
  custom:container-demuxer-ogg: 62fdf1f143b41e24485cea50d1cbac27 -> 
  custom:video-encoder-webm-vp8: eb34c28f22e8b96e1ab97ce403110664 -> 
  custom:video-decoder-webm-vp8: 9c59270c3fd7afecdb556c50c9e8de78 -> 
  custom:audio-decoder-ogg-vorbis: bf7c407c2cedff20999df2af8eb42d56 -> 
  custom:audio-encoder-webm-vorbis: bf7c407c2cedff20999df2af8eb42d56 -> 
========================================================================
Received Prepare
Registering precompiled user dll's ...
Registered in 0.012728 seconds.
Begin MonoManager ReloadAssembly
Symbol file LoadedFromMemory doesn't match image C:\Users\tom.behernd\UNITY\Android Volleyball Fantasy\Library\PackageCache\com.unity.visualscripting@1.6.1\Editor\VisualScripting.Core\Dependencies\YamlDotNet\Unity.VisualScripting.YamlDotNet.dll
Symbol file LoadedFromMemory doesn't match image C:\Users\tom.behernd\UNITY\Android Volleyball Fantasy\Library\PackageCache\com.unity.visualscripting@1.6.1\Editor\VisualScripting.Core\Dependencies\DotNetZip\Unity.VisualScripting.IonicZip.dll
Native extension for WindowsStandalone target not found
Refreshing native plugins compatible for Editor in 0.91 ms, found 4 plugins.
Preloading 0 native plugins for Editor in 0.00 ms.
Mono: successfully reloaded assembly
- Completed reload, in  1.317 seconds
Domain Reload Profiling:
	ReloadAssembly (1318ms)
		BeginReloadAssembly (148ms)
			ExecutionOrderSort (0ms)
			DisableScriptedObjects (7ms)
			BackupInstance (0ms)
			ReleaseScriptingObjects (0ms)
			CreateAndSetChildDomain (45ms)
		EndReloadAssembly (1104ms)
			LoadAssemblies (135ms)
			RebuildTransferFunctionScriptingTraits (0ms)
			SetupTypeCache (386ms)
			ReleaseScriptCaches (1ms)
			RebuildScriptCaches (50ms)
			SetupLoadedEditorAssemblies (436ms)
				LogAssemblyErrors (0ms)
				InitializePlatformSupportModulesInManaged (5ms)
				SetLoadedEditorAssemblies (0ms)
				RefreshPlugins (1ms)
				BeforeProcessingInitializeOnLoad (71ms)
				ProcessInitializeOnLoadAttributes (342ms)
				ProcessInitializeOnLoadMethodAttributes (9ms)
				AfterProcessingInitializeOnLoad (8ms)
				EditorAssembliesLoaded (0ms)
			ExecutionOrderSort2 (0ms)
			AwakeInstancesAfterBackupRestoration (16ms)
Platform modules already initialized, skipping
Refreshing native plugins compatible for Editor in 0.79 ms, found 4 plugins.
Preloading 0 native plugins for Editor in 0.00 ms.
Unloading 3868 Unused Serialized files (Serialized files now loaded: 0)
System memory in use before: 155.2 MB.
System memory in use after: 155.4 MB.

Unloading 26 unused Assets to reduce memory usage. Loaded Objects now: 4380.
Total: 4.738100 ms (FindLiveObjects: 0.318300 ms CreateObjectMapping: 0.197900 ms MarkObjects: 4.092300 ms  DeleteObjects: 0.128600 ms)

AssetImportParameters requested are different than current active one (requested -> active):
  custom:framework-win-MediaFoundation: 216162199b28c13a410421893ffa2e32 -> 
  custom:video-decoder-ogg-theora: a1e56fd34408186e4bbccfd4996cb3dc -> 
  custom:container-muxer-webm: aa71ff27fc2769a1b78a27578f13a17b -> 
  custom:container-demuxer-webm: 4f35f7cbe854078d1ac9338744f61a02 -> 
  custom:container-demuxer-ogg: 62fdf1f143b41e24485cea50d1cbac27 -> 
  custom:video-encoder-webm-vp8: eb34c28f22e8b96e1ab97ce403110664 -> 
  custom:video-decoder-webm-vp8: 9c59270c3fd7afecdb556c50c9e8de78 -> 
  custom:audio-decoder-ogg-vorbis: bf7c407c2cedff20999df2af8eb42d56 -> 
  custom:audio-encoder-webm-vorbis: bf7c407c2cedff20999df2af8eb42d56 -> 
========================================================================
Received Import Request.
  Time since last request: 1656.036218 seconds.
  path: Assets/Assets/Audio
  artifactKey: Guid(7d7a7b8ab4357ea4b983b9fccfcfc224) Importer(815301076,1909f56bfc062723c751e8b465ee728b)
Start importing Assets/Assets/Audio using Guid(7d7a7b8ab4357ea4b983b9fccfcfc224) Importer(815301076,1909f56bfc062723c751e8b465ee728b)  -> (artifact id: '929dae5edfa087b4fcfb0c550c78bbb7') in 0.014930 seconds 
========================================================================
Received Import Request.
  Time since last request: 14.459691 seconds.
  path: Assets/Audio/170146__timgormly__8-bit-explosion.aiff
  artifactKey: Guid(51b1b6a6143e72c48a51d0783d3530f7) Importer(815301076,1909f56bfc062723c751e8b465ee728b)
Start importing Assets/Audio/170146__timgormly__8-bit-explosion.aiff using Guid(51b1b6a6143e72c48a51d0783d3530f7) Importer(815301076,1909f56bfc062723c751e8b465ee728b)  -> (artifact id: 'dc6fde58dde37b872e8796f982e03158') in 0.068465 seconds 
========================================================================
Received Import Request.
  Time since last request: 0.000418 seconds.
  path: Assets/Audio/448226__inspectorj__explosion-8-bit-01.wav
  artifactKey: Guid(3a39e0dfba16f3b47bd5715733b2f931) Importer(815301076,1909f56bfc062723c751e8b465ee728b)
Start importing Assets/Audio/448226__inspectorj__explosion-8-bit-01.wav using Guid(3a39e0dfba16f3b47bd5715733b2f931) Importer(815301076,1909f56bfc062723c751e8b465ee728b)  -> (artifact id: '563a74b0c6097aa8e9b6ffb18559aae7') in 0.047701 seconds 
========================================================================
Received Import Request.
  Time since last request: 0.000286 seconds.
  path: Assets/Audio/399095__plasterbrain__8bit-jump.flac
  artifactKey: Guid(c13c8c84820d59542b59d35b425a5b4d) Importer(815301076,1909f56bfc062723c751e8b465ee728b)
Start importing Assets/Audio/399095__plasterbrain__8bit-jump.flac using Guid(c13c8c84820d59542b59d35b425a5b4d) Importer(815301076,1909f56bfc062723c751e8b465ee728b)  -> (artifact id: 'a19a810da4230fc4ed83578875d50e08') in 0.014676 seconds 
========================================================================
Received Import Request.
  Time since last request: 0.000292 seconds.
  path: Assets/Audio/406113__daleonfire__dead-8bit.wav
  artifactKey: Guid(b69002cb16ec3fa4d9897cfde0e6a0cc) Importer(815301076,1909f56bfc062723c751e8b465ee728b)
Start importing Assets/Audio/406113__daleonfire__dead-8bit.wav using Guid(b69002cb16ec3fa4d9897cfde0e6a0cc) Importer(815301076,1909f56bfc062723c751e8b465ee728b)  -> (artifact id: '459f951b97a11c334b58cc9c4d6ef838') in 0.016066 seconds 
========================================================================
Received Import Request.
  Time since last request: 0.000340 seconds.
  path: Assets/Audio/509410__jburunet__jumping-hop-sound.wav
  artifactKey: Guid(438a78cbf3e26b24aaa974ce56267b46) Importer(815301076,1909f56bfc062723c751e8b465ee728b)
Start importing Assets/Audio/509410__jburunet__jumping-hop-sound.wav using Guid(438a78cbf3e26b24aaa974ce56267b46) Importer(815301076,1909f56bfc062723c751e8b465ee728b)  -> (artifact id: '6ec9d3f4bbe6fd38bf41a55309847efd') in 0.015274 seconds 
========================================================================
Received Import Request.
  Time since last request: 0.000396 seconds.
  path: Assets/Audio/332381__davidoburke__8-bit-loop.wav
  artifactKey: Guid(e00cfb06cc00fcc4ea33a721699bc5d4) Importer(815301076,1909f56bfc062723c751e8b465ee728b)
Start importing Assets/Audio/332381__davidoburke__8-bit-loop.wav using Guid(e00cfb06cc00fcc4ea33a721699bc5d4) Importer(815301076,1909f56bfc062723c751e8b465ee728b)  -> (artifact id: '9a15c3004bae41d110cccd0fc79a98dd') in 0.013423 seconds 
========================================================================
Received Import Request.
  Time since last request: 0.000398 seconds.
  path: Assets/Audio/341814__ianstargem__chiptune-kick-1.wav
  artifactKey: Guid(a56b59f585f07174cbe93825003d5171) Importer(815301076,1909f56bfc062723c751e8b465ee728b)
Start importing Assets/Audio/341814__ianstargem__chiptune-kick-1.wav using Guid(a56b59f585f07174cbe93825003d5171) Importer(815301076,1909f56bfc062723c751e8b465ee728b)  -> (artifact id: '1d4b09286030044ac0ad1e0c33cf46d6') in 0.013607 seconds 
========================================================================
Received Import Request.
  Time since last request: 0.000399 seconds.
  path: Assets/Audio/404394__eskimoneil__jump-thump.wav
  artifactKey: Guid(826a483eadd56464885ac551270542cc) Importer(815301076,1909f56bfc062723c751e8b465ee728b)
Start importing Assets/Audio/404394__eskimoneil__jump-thump.wav using Guid(826a483eadd56464885ac551270542cc) Importer(815301076,1909f56bfc062723c751e8b465ee728b)  -> (artifact id: '81be6f44884a1e3ca9429fbda695641a') in 0.013321 seconds 
========================================================================
Received Import Request.
  Time since last request: 0.000294 seconds.
  path: Assets/Audio/610505__josefpres__8-bit-game-loop-001-simple-mix-3-long-120-bpm.wav
  artifactKey: Guid(5cefee7745b38c34e82e7fa958d24e58) Importer(815301076,1909f56bfc062723c751e8b465ee728b)
Start importing Assets/Audio/610505__josefpres__8-bit-game-loop-001-simple-mix-3-long-120-bpm.wav using Guid(5cefee7745b38c34e82e7fa958d24e58) Importer(815301076,1909f56bfc062723c751e8b465ee728b)  -> (artifact id: 'ce5c2a3ee4cd31f0399b34553e980119') in 0.012991 seconds 
========================================================================
Received Import Request.
  Time since last request: 0.000291 seconds.
  path: Assets/Audio/615342__josefpres__8-bit-game-music-001-simple-mix-01-short-loop-120-bpm.wav
  artifactKey: Guid(aa7e884f7ffb9b14fa485e2b82a1109d) Importer(815301076,1909f56bfc062723c751e8b465ee728b)
Start importing Assets/Audio/615342__josefpres__8-bit-game-music-001-simple-mix-01-short-loop-120-bpm.wav using Guid(aa7e884f7ffb9b14fa485e2b82a1109d) Importer(815301076,1909f56bfc062723c751e8b465ee728b)  -> (artifact id: 'f7d05d53b20ce278c9a7fb979726fcc2') in 0.014513 seconds 
========================================================================
Received Import Request.
  Time since last request: 45.570878 seconds.
  path: Assets/Audio/throw.wav
  artifactKey: Guid(a56b59f585f07174cbe93825003d5171) Importer(815301076,1909f56bfc062723c751e8b465ee728b)
Start importing Assets/Audio/throw.wav using Guid(a56b59f585f07174cbe93825003d5171) Importer(815301076,1909f56bfc062723c751e8b465ee728b)  -> (artifact id: 'f178eba83ec71661861ba4ccd1cfc872') in 0.024783 seconds 
========================================================================
Received Import Request.
  Time since last request: 1171.255442 seconds.
  path: Assets/Audio/EnemyExplosion.wav
  artifactKey: Guid(3a39e0dfba16f3b47bd5715733b2f931) Importer(815301076,1909f56bfc062723c751e8b465ee728b)
Start importing Assets/Audio/EnemyExplosion.wav using Guid(3a39e0dfba16f3b47bd5715733b2f931) Importer(815301076,1909f56bfc062723c751e8b465ee728b)  -> (artifact id: 'c483a054caa015661edbf7aff2b54343') in 0.017839 seconds 
========================================================================
Received Import Request.
  Time since last request: 86.556543 seconds.
  path: Assets/Scenes/Level02.unity
  artifactKey: Guid(e44eea93bc9c9e448ba489b73a8ba7df) Importer(815301076,1909f56bfc062723c751e8b465ee728b)
Start importing Assets/Scenes/Level02.unity using Guid(e44eea93bc9c9e448ba489b73a8ba7df) Importer(815301076,1909f56bfc062723c751e8b465ee728b)  -> (artifact id: '1685470cdb3b186187a5692eecdf1ca5') in 0.008360 seconds 
AssetImportWorkerClient::OnTransportError - code=2 error=End of file
